PRT1
227
753
4 0 2 (1552 2048 562 ) (1024 2048 562 ) (1024 2048 30 ) (1552 2048 30 ) 
4 0 1 (1024 2048 30 ) (1024 2048 562 ) (1024 2309 562 ) (1024 2309 30 ) 
4 1 36 (0 2048 30 ) (0 2048 562 ) (0 2309 562 ) (0 2309 30 ) 
4 1 35 (960 2048 64 ) (0 2048 64 ) (0 2048 30 ) (960 2048 30 ) 
4 1 34 (1024 2048 30 ) (1024 2048 64 ) (960 2048 64 ) (960 2048 30 ) 
4 1 31 (1024 2048 64 ) (1024 2048 80 ) (0 2048 80 ) (0 2048 64 ) 
4 1 6 (463.777771 2048 352 ) (0 2048 352 ) (0 2048 80 ) (463.777802 2048 80 ) 
4 1 5 (1024 2048 80 ) (1024 2048 352 ) (463.777771 2048 352 ) (463.777802 2048 80 ) 
4 1 4 (1024 2048 352 ) (1024 2048 354 ) (0 2048 354 ) (0 2048 352 ) 
4 1 3 (1024 2048 354 ) (1024 2048 562 ) (0 2048 562 ) (0 2048 354 ) 
4 2 64 (1552 1024 562 ) (1024 1024 562 ) (1024 1024 30 ) (1552 1024 30 ) 
4 2 34 (1024 2048 64 ) (1024 2048 30 ) (1024 1024 30 ) (1024 1024 64 ) 
3 2 32 (1024 1280 64 ) (1024 1232 80 ) (1024 1280 80 ) 
4 2 31 (1024 2048 80 ) (1024 2048 64 ) (1024 1280 64 ) (1024 1280 80 ) 
4 2 29 (1024 1216 64 ) (1024 1024 64 ) (1024 1024 80 ) (1024 1216 80 ) 
4 2 28 (1024 1280 64 ) (1024 1216 64 ) (1024 1216 80 ) (1024 1232 80 ) 
4 2 23 (1024 1040 80 ) (1024 1024 80 ) (1024 1024 352 ) (1024 1040 352 ) 
4 2 22 (1024 1024 352 ) (1024 1024 354 ) (1024 1040 354 ) (1024 1040 352 ) 
4 2 17 (1024 1184 80 ) (1024 1040 80 ) (1024 1040 80.500000 ) (1024 1184 80.500000 ) 
4 2 16 (1024 1040 80.500000 ) (1024 1040 351.500000 ) (1024 1184 351.500000 ) (1024 1184 80.500000 ) 
4 2 15 (1024 1040 351.500000 ) (1024 1040 352 ) (1024 1184 352 ) (1024 1184 351.500000 ) 
4 2 13 (1024 1040 352 ) (1024 1040 354 ) (1024 1184 354 ) (1024 1184 352 ) 
4 2 5 (1024 2048 352 ) (1024 2048 80 ) (1024 1184 80 ) (1024 1184 352 ) 
4 2 4 (1024 2048 354 ) (1024 2048 352 ) (1024 1184 352 ) (1024 1184 354 ) 
4 2 3 (1024 2048 562 ) (1024 2048 354 ) (1024 1024 354 ) (1024 1024 562 ) 
4 3 69 (32 1024 562 ) (0 1024 562 ) (0 1024 354 ) (32 1024 354 ) 
4 3 65 (1024 1024 354 ) (1024 1024 562 ) (32 1024 562 ) (32 1024 354 ) 
4 3 44 (0 1024 354 ) (0 1024 562 ) (0 1040 562 ) (0 1040 354 ) 
4 3 37 (0 1040 562 ) (0 2048 562 ) (0 2048 354 ) (0 1040 354 ) 
4 3 22 (1024 1024 354 ) (0 1024 354 ) (0 1040 354 ) (1024 1040 354 ) 
4 3 13 (66 1184 354 ) (1024 1184 354 ) (1024 1040 354 ) (66 1040 354 ) 
4 3 4 (0 1184 354 ) (0 2048 354 ) (1024 2048 354 ) (1024 1184 354 ) 
4 4 38 (0 1184 354 ) (0 2048 354 ) (0 2048 352 ) (0 1184 352 ) 
4 4 13 (1024 1184 352 ) (1024 1184 354 ) (66 1184 354 ) (66 1184 352 ) 
6 4 11 (79.777771 1184 352 ) (64 1184 352 ) (64 1199.777832 352 ) (69 1202 352 ) (78 1198 352 ) (82 1189 352 ) 
4 4 10 (51.111153 1200 352 ) (45.600101 1212.399902 352 ) (64 1204.222168 352 ) (64 1200 352 ) 
3 4 9 (64 1204.222168 352 ) (69 1202 352 ) (64 1199.777832 352 ) 
4 4 8 (0 1200 352 ) (0 1232.666626 352 ) (45.600101 1212.399902 352 ) (51.111153 1200 352 ) 
3 4 7 (78 1198 352 ) (84.680389 1195.030884 352 ) (82 1189 352 ) 
4 4 6 (0 1232.666626 352 ) (0 2048 352 ) (463.777802 2048 352 ) (84.680389 1195.030884 352 ) 
4 4 5 (1024 1184 352 ) (79.777771 1184 352 ) (463.777802 2048 352 ) (1024 2048 352 ) 
4 5 33 (232 1232 80 ) (101.111099 1232 80 ) (122.444435 1280 80 ) (208 1280 80 ) 
4 5 32 (1024 1280 80 ) (1024 1232 80 ) (896 1232 80 ) (896 1280 80 ) 
4 5 31 (1024 2048 80 ) (1024 1280 80 ) (122.444435 1280 80 ) (463.777802 2048 80 ) 
4 5 29 (1024 1216 80 ) (1024 1184 80 ) (176 1184 80 ) (176 1216 80 ) 
3 5 30 (80 1184 80 ) (79.777771 1184 80 ) (80 1184.500000 80 ) 
4 5 28 (1024 1232 80 ) (1024 1216 80 ) (896 1216 80 ) (896 1232 80 ) 
4 5 17 (378.250122 1184 80 ) (1024 1184 80 ) (1024 1184 80.500000 ) (378.250122 1184 80.500000 ) 
4 5 16 (1024 1184 80.500000 ) (1024 1184 351.500000 ) (378.250122 1184 351.500000 ) (378.250122 1184 80.500000 ) 
4 5 15 (1024 1184 351.500000 ) (1024 1184 352 ) (378.250122 1184 352 ) (378.250122 1184 351.500000 ) 
4 5 14 (80 1184 80 ) (378.250122 1184 80 ) (378.250122 1184 352 ) (80 1184 352 ) 
4 5 11 (79.775391 1184 351.500000 ) (79.775391 1184 352 ) (81.998817 1189.002686 352 ) (81.998817 1189.002686 351.500000 ) 
4 5 12 (81.998817 1189.002686 80 ) (79.775391 1184 80 ) (79.775391 1184 80.500000 ) (81.998817 1189.002686 80.500000 ) 
4 5 7 (84.678406 1195.031738 80 ) (81.998817 1189.002686 80 ) (81.998817 1189.002686 352 ) (84.678406 1195.031738 352 ) 
4 5 6 (463.775391 2048 80 ) (84.678406 1195.031738 80 ) (84.678406 1195.031738 352 ) (463.775421 2048 352 ) 
4 6 40 (0 2048 81 ) (0 2048 80 ) (0 1232.666748 80 ) (0 1232.666748 81 ) 
4 6 39 (0 2048 352 ) (0 2048 81 ) (0 1232.666748 81 ) (0 1232.666626 352 ) 
4 6 33 (64 1280 80 ) (122.444427 1280 80 ) (101.111084 1232 80 ) (40 1232 80 ) 
4 6 31 (0 1280 80 ) (0 2048 80 ) (463.777802 2048 80 ) (122.444427 1280 80 ) 
3 6 30 (80 1197.111084 80 ) (37.499969 1216 80 ) (80 1216 80 ) 
4 6 11 (78 1197.998779 351.500000 ) (78 1197.998779 352 ) (68.998856 1202 352 ) (68.998856 1202 351.500000 ) 
4 6 12 (68.998573 1202 80 ) (78 1197.998657 80 ) (78 1197.998657 80.500000 ) (68.998573 1202 80.500000 ) 
4 6 10 (45.600998 1212.397827 80 ) (64 1204.220825 80 ) (64 1204.221191 352 ) (45.600597 1212.398804 352 ) 
4 6 9 (64 1204.220825 80 ) (68.998573 1202 80 ) (68.998856 1202 352 ) (64 1204.221191 352 ) 
4 6 8 (0 1232.664063 80 ) (45.600998 1212.397827 80 ) (45.600597 1212.398804 352 ) (0 1232.665649 352 ) 
4 6 7 (78 1197.998657 80 ) (84.679688 1195.030273 80 ) (84.679688 1195.030273 352 ) (78 1197.998779 352 ) 
3 7 30 (78 1198 80 ) (80 1197.110962 80 ) (80 1193.500000 80 ) 
4 7 11 (78 1197.998047 352 ) (78 1197.998047 351.500000 ) (82 1189 351.500000 ) (82 1189 352 ) 
4 7 12 (78 1197.998047 80.500000 ) (78 1197.998047 80 ) (82 1189 80 ) (82 1189 80.500000 ) 
4 8 40 (0 1232.666748 80 ) (0 1200 80 ) (0 1200 81 ) (0 1232.666748 81 ) 
4 8 39 (0 1200 81 ) (0 1200 352 ) (0 1232.666626 352 ) (0 1232.666748 81 ) 
5 8 30 (0 1200 80 ) (0 1216 80 ) (37.499908 1216 80 ) (45.600101 1212.399902 80 ) (51.111153 1200 80 ) 
4 8 10 (45.597656 1212.402344 80 ) (45.597656 1212.402344 352 ) (51.109756 1200 352 ) (51.109756 1200 80 ) 
3 9 30 (64 1204.222168 80 ) (69 1202 80 ) (64 1199.777832 80 ) 
4 9 11 (69 1202 351.500000 ) (69 1202 352 ) (64 1199.777466 352 ) (64 1199.777466 351.500000 ) 
4 9 12 (64 1199.777466 80 ) (69 1202 80 ) (69 1202 80.500000 ) (64 1199.777466 80.500000 ) 
4 9 10 (64 1204.222290 352 ) (64 1204.222290 80 ) (64 1200 80 ) (64 1200 352 ) 
4 10 30 (51.111153 1200 80 ) (45.600101 1212.399902 80 ) (64 1204.222168 80 ) (64 1200 80 ) 
7 12 30 (79.777771 1184 80 ) (64 1184 80 ) (64 1199.777832 80 ) (69 1202 80 ) (78 1198 80 ) (80 1193.500000 80 ) (80 1184.500000 80 ) 
4 13 22 (1024 1040 352 ) (1024 1040 354 ) (66 1040 354 ) (66 1040 352 ) 
5 13 15 (1024 1040 352 ) (80 1040 352 ) (80 1051.444336 352 ) (378.250122 1184 352 ) (1024 1184 352 ) 
3 13 14 (80 1184 352 ) (378.250122 1184 352 ) (80 1051.444336 352 ) 
3 14 29 (176 1184 80 ) (378.250122 1184 80 ) (176 1094.110962 80 ) 
4 14 17 (80 1051.445923 80 ) (378.246094 1184 80 ) (378.246094 1184 80.500000 ) (80 1051.445923 80.500000 ) 
4 14 16 (378.246094 1184 80.500000 ) (378.246094 1184 351.500000 ) (80 1051.445801 351.500000 ) (80 1051.445923 80.500000 ) 
4 14 15 (378.246094 1184 351.500000 ) (378.246094 1184 352 ) (80 1051.445801 352 ) (80 1051.445801 351.500000 ) 
4 15 26 (80.333328 1040 352 ) (80 1040 352 ) (80 1040 351.500000 ) (80.333328 1040 351.500000 ) 
4 15 25 (85.666687 1040 352 ) (80.333328 1040 352 ) (80.333328 1040 351.500000 ) (85.666687 1040 351.500000 ) 
4 15 23 (1024 1040 351.500000 ) (1024 1040 352 ) (85.666687 1040 352 ) (85.666687 1040 351.500000 ) 
6 15 16 (1024 1040 351.500000 ) (80.333374 1040 351.500000 ) (80 1040.750000 351.500000 ) (80 1051.442871 351.500000 ) (378.253448 1184 351.500000 ) (1024 1184 351.500000 ) 
4 16 25 (85.666687 1040 351.500000 ) (80.333374 1040 351.500000 ) (80.333328 1040 80.500000 ) (85.666687 1040 80.500000 ) 
4 16 23 (1024 1040 80.500000 ) (1024 1040 351.500000 ) (85.666687 1040 351.500000 ) (85.666687 1040 80.500000 ) 
6 16 17 (1024 1040 80.500000 ) (80.333374 1040 80.500000 ) (80 1040.750000 80.500000 ) (80 1051.442871 80.500000 ) (378.253448 1184 80.500000 ) (1024 1184 80.500000 ) 
5 17 29 (1024 1184 80 ) (1024 1040 80 ) (176 1040 80 ) (176 1094.110962 80 ) (378.250122 1184 80 ) 
4 17 27 (80 1040 80 ) (80.333328 1040 80 ) (80.333328 1040 80.500000 ) (80 1040 80.500000 ) 
4 17 25 (80.333328 1040 80 ) (85.666687 1040 80 ) (85.666687 1040 80.500000 ) (80.333328 1040 80.500000 ) 
4 17 23 (85.666687 1040 80 ) (1024 1040 80 ) (1024 1040 80.500000 ) (85.666687 1040 80.500000 ) 
4 18 20 (15.775391 1040 128 ) (15.775391 1040 306 ) (64 1148.505371 306 ) (64 1148.505371 128 ) 
4 18 19 (61 1043 128 ) (64 1049.750000 128 ) (64 1049.750000 306 ) (61 1043 306 ) 
4 20 41 (0 1184 306 ) (0 1184 128 ) (0 1040 128 ) (0 1040 306 ) 
4 20 21 (51 1184 128 ) (51 1184 306 ) (60 1180 306 ) (60 1180 128 ) 
4 22 69 (32 1024 354 ) (0 1024 354 ) (0 1024 352 ) (32 1024 352 ) 
4 22 65 (1024 1024 352 ) (1024 1024 354 ) (32 1024 354 ) (32 1024 352 ) 
4 22 45 (0 1024 352 ) (0 1024 354 ) (0 1040 354 ) (0 1040 352 ) 
6 22 26 (76.750053 1024 352 ) (64 1024 352 ) (64 1040 352 ) (80.333313 1040 352 ) (83 1034 352 ) (79 1025 352 ) 
3 22 25 (80.333313 1040 352 ) (85.666679 1040 352 ) (83 1034 352 ) 
3 22 24 (78.555542 1024 352 ) (76.750053 1024 352 ) (79 1025 352 ) 
4 22 23 (1024 1024 352 ) (78.555542 1024 352 ) (85.666679 1040 352 ) (1024 1040 352 ) 
4 23 67 (1024 1024 80.500000 ) (1024 1024 351.500000 ) (78.555542 1024 351.500000 ) (78.555557 1024 80.500000 ) 
4 23 68 (1024 1024 80 ) (1024 1024 80.500000 ) (78.555557 1024 80.500000 ) (78.555557 1024 80 ) 
4 23 65 (1024 1024 351.500000 ) (1024 1024 352 ) (78.555542 1024 352 ) (78.555542 1024 351.500000 ) 
4 23 29 (1024 1040 80 ) (1024 1024 80 ) (176 1024 80 ) (176 1040 80 ) 
3 23 30 (80 1024 80 ) (78.555542 1024 80 ) (80 1027.250000 80 ) 
4 23 26 (78.997551 1024.998901 352 ) (83 1034.002197 352 ) (83 1034.002197 351.500000 ) (78.997551 1024.998901 351.500000 ) 
4 23 27 (83 1034.002197 80.500000 ) (83 1034.002197 80 ) (78.997551 1024.998901 80 ) (78.997551 1024.998901 80.500000 ) 
4 23 25 (83 1034.002197 352 ) (85.664711 1040 352 ) (85.664711 1040 80 ) (83 1034.002197 80 ) 
4 23 24 (78.553604 1024 352 ) (78.997551 1024.998901 352 ) (78.997551 1024.998901 80 ) (78.553604 1024 80 ) 
4 24 67 (76.750053 1024 351.500000 ) (76.750069 1024 80.500000 ) (78.555557 1024 80.500000 ) (78.555542 1024 351.500000 ) 
4 24 68 (76.750069 1024 80.500000 ) (76.750069 1024 80 ) (78.555557 1024 80 ) (78.555557 1024 80.500000 ) 
4 24 65 (78.555542 1024 352 ) (76.750053 1024 352 ) (76.750053 1024 351.500000 ) (78.555542 1024 351.500000 ) 
3 24 30 (78.555542 1024 80 ) (76.750053 1024 80 ) (79 1025 80 ) 
4 24 26 (78.996071 1024.998047 352 ) (78.996071 1024.998047 351.500000 ) (76.750534 1024 351.500000 ) (76.750534 1024 352 ) 
4 24 27 (78.996086 1024.998047 80.500000 ) (78.996086 1024.998047 80 ) (76.750549 1024 80 ) (76.750549 1024 80.500000 ) 
4 25 26 (83 1034 351.500000 ) (83 1034 352 ) (80.332809 1040 352 ) (80.332809 1040 351.500000 ) 
4 25 27 (83 1034 80 ) (83 1034 80.500000 ) (80.332809 1040 80.500000 ) (80.332809 1040 80 ) 
4 26 65 (76.750053 1024 352 ) (64 1024 352 ) (64 1024 351.500000 ) (76.750053 1024 351.500000 ) 
4 27 68 (64 1024 80.500000 ) (64 1024 80 ) (76.750069 1024 80 ) (76.750069 1024 80.500000 ) 
6 27 30 (76.750053 1024 80 ) (64 1024 80 ) (64 1040 80 ) (80 1040 80 ) (80 1027.250000 80 ) (79 1025 80 ) 
4 28 34 (960 1280 64 ) (1024 1280 64 ) (1024 1216 64 ) (960 1216 64 ) 
4 28 32 (1024 1279.998047 64 ) (896 1279.998047 64 ) (896 1231.998047 80 ) (1024 1231.998047 80 ) 
4 28 29 (896 1216 64 ) (1024 1216 64 ) (1024 1216 80 ) (896 1216 80 ) 
4 29 124 (272 1024 80 ) (176 1024 80 ) (176 1024 64 ) (272 1024 64 ) 
4 29 123 (1024 1024 64 ) (1024 1024 80 ) (272 1024 80 ) (272 1024 64 ) 
4 29 34 (1024 1024 64 ) (960 1024 64 ) (960 1216 64 ) (1024 1216 64 ) 
4 30 57 (0 1024 64 ) (0 1024 80 ) (0 1216 80 ) (0 1216 64 ) 
4 31 55 (0 1280 80 ) (0 2048 80 ) (0 2048 64 ) (0 1280 64 ) 
4 31 35 (0 1920 64 ) (0 2048 64 ) (960 2048 64 ) (960 1920 64 ) 
4 31 34 (960 2048 64 ) (1024 2048 64 ) (1024 1280 64 ) (960 1280 64 ) 
4 31 33 (64 1280 64 ) (208 1280 64 ) (208 1280 80 ) (64 1280 80 ) 
4 31 32 (896 1280 64 ) (1024 1280 64 ) (1024 1280 80 ) (896 1280 80 ) 
4 34 137 (1024 1024 30 ) (1024 1024 64 ) (960 1024 64 ) (960 1024 30 ) 
4 34 35 (960 2048 30 ) (960 1920 30 ) (960 1920 64 ) (960 2048 64 ) 
4 35 60 (0 1920 64 ) (0 2048 64 ) (0 2048 30 ) (0 1920 30 ) 
4 36 62 (-1024 2048 30 ) (-1024 2048 562 ) (-1024 2309 562 ) (-1024 2309 30 ) 
4 36 60 (0 2048 30 ) (0 2048 64 ) (-576 2048 64 ) (-576 2048 30 ) 
4 36 61 (-576 2048 64 ) (-1024 2048 64 ) (-1024 2048 30 ) (-576 2048 30 ) 
4 36 55 (0 2048 64 ) (0 2048 80 ) (-512 2048 80 ) (-512 2048 64 ) 
4 36 56 (-512 2048 80 ) (-1024 2048 80 ) (-1024 2048 64 ) (-512 2048 64 ) 
4 36 48 (-1024 2048 352 ) (-1024 2048 80 ) (-272 2048 80 ) (-272 2048 352 ) 
4 36 47 (-272 2048 562 ) (-1024 2048 562 ) (-1024 2048 352 ) (-272 2048 352 ) 
4 36 40 (0 2048 80 ) (0 2048 81 ) (-272 2048 81 ) (-272 2048 80 ) 
4 36 39 (0 2048 81 ) (0 2048 352 ) (-272 2048 352 ) (-272 2048 81 ) 
4 36 38 (0 2048 352 ) (0 2048 354 ) (-272 2048 354 ) (-272 2048 352 ) 
4 36 37 (0 2048 354 ) (0 2048 562 ) (-272 2048 562 ) (-272 2048 354 ) 
4 37 47 (-272 1040 354 ) (-272 1040 562 ) (-272 2048 562 ) (-272 2048 354 ) 
4 37 44 (-272 1040 562 ) (-272 1040 354 ) (0 1040 354 ) (0 1040 562 ) 
4 37 42 (-270 1040 354 ) (-272 1040 354 ) (-272 1184 354 ) (-270 1184 354 ) 
4 37 38 (-272 1184 354 ) (-272 2048 354 ) (0 2048 354 ) (0 1184 354 ) 
4 38 47 (-272 1184 352 ) (-272 1184 354 ) (-272 2048 354 ) (-272 2048 352 ) 
4 38 42 (-270 1184 354 ) (-272 1184 354 ) (-272 1184 352 ) (-270 1184 352 ) 
4 38 39 (-272 1200 352 ) (-272 2048 352 ) (0 2048 352 ) (0 1200 352 ) 
4 39 50 (-272 1200 352 ) (-272 1208 352 ) (-272 1208 81 ) (-272 1200 81 ) 
4 39 49 (-272 1208 352 ) (-272 1240.499878 352 ) (-272 1240.500000 81 ) (-272 1208 81 ) 
4 39 48 (-272 1240.499878 352 ) (-272 2048 352 ) (-272 2048 81 ) (-272 1240.500000 81 ) 
4 39 40 (-272 1200 81 ) (-272 2048 81 ) (0 2048 81 ) (0 1200 81 ) 
4 40 57 (-272 1200 80 ) (-272 1216 80 ) (0 1216 80 ) (0 1200 80 ) 
4 40 55 (-272 1280 80 ) (-272 2048 80 ) (0 2048 80 ) (0 1280 80 ) 
4 40 50 (-272 1208 80 ) (-272 1200 80 ) (-272 1200 81 ) (-272 1208 81 ) 
4 40 49 (-272 1240.500000 80 ) (-272 1208 80 ) (-272 1208 81 ) (-272 1240.500000 81 ) 
4 40 48 (-272 2048 80 ) (-272 1240.500000 80 ) (-272 1240.500000 81 ) (-272 2048 81 ) 
4 41 46 (-270 1040 128 ) (-48 1040 128 ) (-48 1040 306 ) (-270 1040 306 ) 
4 41 43 (-270 1184 306 ) (-270 1184 128 ) (-270 1040 128 ) (-270 1040 306 ) 
4 42 47 (-272 1040 352 ) (-272 1040 354 ) (-272 1184 354 ) (-272 1184 352 ) 
5 42 43 (-271.111145 1184 352 ) (-270 1184 352 ) (-270 1040 352 ) (-272 1040 352 ) (-272 1182 352 ) 
4 43 46 (-272 1040 306 ) (-272 1040 128 ) (-270 1040 128 ) (-270 1040 306 ) 
4 44 160 (-48 1024 562 ) (-272 1024 562 ) (-272 1024 354 ) (-48 1024 354 ) 
4 44 144 (0 1024 354 ) (0 1024 562 ) (-48 1024 562 ) (-48 1024 354 ) 
4 44 47 (-272 1024 354 ) (-272 1024 562 ) (-272 1040 562 ) (-272 1040 354 ) 
4 44 45 (-46 1040 354 ) (0 1040 354 ) (0 1024 354 ) (-46 1024 354 ) 
4 45 145 (0 1024 352 ) (0 1024 354 ) (-46 1024 354 ) (-46 1024 352 ) 
4 46 161 (-272 1024 306 ) (-272 1024 128 ) (-48 1024 128 ) (-48 1024 306 ) 
4 47 162 (-1024 1024 562 ) (-1024 1024 352 ) (-272 1024 352 ) (-272 1024 562 ) 
4 47 63 (-1024 1024 352 ) (-1024 1024 562 ) (-1024 2048 562 ) (-1024 2048 352 ) 
3 47 52 (-296.680389 1184.969116 352 ) (-294 1191 352 ) (-290 1182 352 ) 
4 47 51 (-288 1024 352 ) (-368.222198 1024 352 ) (-296.680389 1184.969116 352 ) (-288 1181.111206 352 ) 
3 47 50 (-272 1208 352 ) (-272 1200 352 ) (-281 1204 352 ) 
3 47 49 (-272 1240.500000 352 ) (-272 1208 352 ) (-290 1200 352 ) 
5 47 48 (-1024 1024 352 ) (-1024 2048 352 ) (-272 2048 352 ) (-272 1240.500000 352 ) (-368.222198 1024 352 ) 
4 48 163 (-1024 1024 352 ) (-1024 1024 80 ) (-368.222229 1024 80 ) (-368.222198 1024 352 ) 
4 48 63 (-1024 1024 80 ) (-1024 1024 352 ) (-1024 2048 352 ) (-1024 2048 80 ) 
5 48 58 (-576 1200 80 ) (-576 1216 80 ) (-288 1216 80 ) (-288 1204.500000 80 ) (-290 1200 80 ) 
3 48 57 (-288 1216 80 ) (-282.888885 1216 80 ) (-288 1204.500000 80 ) 
4 48 59 (-576 1024 80 ) (-1024 1024 80 ) (-1024 1216 80 ) (-576 1216 80 ) 
4 48 55 (-512 2048 80 ) (-272 2048 80 ) (-272 1280 80 ) (-512 1280 80 ) 
4 48 56 (-1024 1216 80 ) (-1024 2048 80 ) (-512 2048 80 ) (-512 1216 80 ) 
4 48 54 (-368.222656 1024 80 ) (-290 1200 80 ) (-290 1200 81 ) (-368.222656 1024 81 ) 
4 48 52 (-294 1191 352 ) (-296.680389 1184.969116 352 ) (-296.680511 1184.969116 81 ) (-294 1191 81 ) 
4 48 51 (-296.680389 1184.969116 352 ) (-368.222229 1024 352 ) (-368.222656 1024 81 ) (-296.680511 1184.969116 81 ) 
4 48 49 (-290 1200 80 ) (-272 1240.500000 80 ) (-272 1240.500000 352 ) (-290 1200 352 ) 
3 49 58 (-290 1200 80 ) (-288 1204.500000 80 ) (-288 1200.889038 80 ) 
5 49 57 (-288 1204.500000 80 ) (-282.888885 1216 80 ) (-272 1216 80 ) (-272 1208 80 ) (-288 1200.889038 80 ) 
4 49 53 (-288 1200.888916 80 ) (-281 1204 80 ) (-281 1204 81 ) (-288 1200.888916 81 ) 
4 49 54 (-290 1200 81 ) (-290 1200 80 ) (-288 1200.888916 80 ) (-288 1200.888916 81 ) 
4 49 50 (-281 1204 80 ) (-272 1208 80 ) (-272 1208 352 ) (-281 1204 352 ) 
3 50 57 (-281 1204 80 ) (-272 1208 80 ) (-272 1200 80 ) 
4 50 53 (-281 1204 81 ) (-281 1204 80 ) (-272 1200 80 ) (-272 1200 81 ) 
4 51 163 (-288 1024 352 ) (-368.222198 1024 352 ) (-368.222229 1024 81 ) (-288 1024 81 ) 
4 51 54 (-368.222656 1024 81 ) (-296.678772 1184.968384 81 ) (-288 1181.111084 81 ) (-288 1024 81 ) 
4 51 52 (-290 1182 81 ) (-296.680664 1184.968384 81 ) (-296.680664 1184.968384 352 ) (-290 1182 352 ) 
3 52 54 (-296.678772 1184.968384 81 ) (-293.998993 1190.997681 81 ) (-290 1182 81 ) 
5 53 57 (-288 1184 80 ) (-288 1200.889038 80 ) (-281 1204 80 ) (-272 1200 80 ) (-272 1184 80 ) 
4 53 54 (-288 1184 81 ) (-288 1200.890625 81 ) (-288 1200.890625 80 ) (-288 1184 80 ) 
4 54 163 (-368.222229 1024 80 ) (-288 1024 80 ) (-288 1024 81 ) (-368.222229 1024 81 ) 
3 54 58 (-290 1200 80 ) (-288 1200.889038 80 ) (-288 1200 80 ) 
4 55 60 (0 2048 64 ) (0 1920 64 ) (-512 1920 64 ) (-512 2048 64 ) 
4 55 56 (-512 2048 64 ) (-512 1280 64 ) (-512 1280 80 ) (-512 2048 80 ) 
4 56 63 (-1024 1216 80 ) (-1024 2048 80 ) (-1024 2048 64 ) (-1024 1216 64 ) 
4 56 60 (-576 1920 64 ) (-576 2048 64 ) (-512 2048 64 ) (-512 1920 64 ) 
4 56 61 (-576 1216 64 ) (-1024 1216 64 ) (-1024 2048 64 ) (-576 2048 64 ) 
4 56 58 (-576 1216 64 ) (-512 1216 64 ) (-512 1216 80 ) (-576 1216 80 ) 
4 56 59 (-1024 1216 64 ) (-576 1216 64 ) (-576 1216 80 ) (-1024 1216 80 ) 
4 57 210 (-32 1024 80 ) (-288 1024 80 ) (-288 1024 64 ) (-32 1024 64 ) 
4 57 58 (-288 1216 80 ) (-288 1216 64 ) (-288 1200 64 ) (-288 1200 80 ) 
4 58 59 (-576 1216 80 ) (-576 1216 64 ) (-576 1200 64 ) (-576 1200 80 ) 
4 59 212 (-576 1024 80 ) (-1024 1024 80 ) (-1024 1024 64 ) (-576 1024 64 ) 
4 59 63 (-1024 1024 64 ) (-1024 1024 80 ) (-1024 1216 80 ) (-1024 1216 64 ) 
4 59 61 (-576 1024 64 ) (-1024 1024 64 ) (-1024 1216 64 ) (-576 1216 64 ) 
4 60 61 (-576 2048 30 ) (-576 1920 30 ) (-576 1920 64 ) (-576 2048 64 ) 
4 61 219 (-576 1024 64 ) (-1024 1024 64 ) (-1024 1024 30 ) (-576 1024 30 ) 
4 61 63 (-1024 1024 30 ) (-1024 1024 64 ) (-1024 2048 64 ) (-1024 2048 30 ) 
4 62 63 (-1024 2048 30 ) (-1024 2048 562 ) (-1265 2048 562 ) (-1265 2048 30 ) 
4 63 223 (-1024 1024 30 ) (-1024 1024 562 ) (-1265 1024 562 ) (-1265 1024 30 ) 
4 64 138 (1552 0 562 ) (1024 0 562 ) (1024 0 30 ) (1552 0 30 ) 
4 64 137 (1024 1024 64 ) (1024 1024 30 ) (1024 0 30 ) (1024 0 64 ) 
4 64 133 (1024 488 64 ) (1024 0 64 ) (1024 0 80 ) (1024 488 80 ) 
4 64 129 (1024 584 64 ) (1024 488 64 ) (1024 488 80 ) (1024 584 80 ) 
4 64 123 (1024 1024 80 ) (1024 1024 64 ) (1024 584 64 ) (1024 584 80 ) 
4 64 119 (1024 160 80 ) (1024 0 80 ) (1024 0 223.973999 ) (1024 160 223.973999 ) 
4 64 117 (1024 0 223.973999 ) (1024 0 248 ) (1024 160 248 ) (1024 160 223.973999 ) 
4 64 113 (1024 464 80 ) (1024 160 80 ) (1024 160 224 ) (1024 464 224 ) 
4 64 111 (1024 160 224 ) (1024 160 248 ) (1024 464 248 ) (1024 464 224 ) 
4 64 109 (1024 488 80 ) (1024 464 80 ) (1024 464 224 ) (1024 488 224 ) 
4 64 108 (1024 464 224 ) (1024 464 248 ) (1024 488 248 ) (1024 488 224 ) 
4 64 107 (1024 0 248 ) (1024 0 562 ) (1024 488 562 ) (1024 488 248 ) 
4 64 104 (1024 488 81 ) (1024 488 352 ) (1024 584 352 ) (1024 584 81 ) 
4 64 106 (1024 584 80 ) (1024 488 80 ) (1024 488 81 ) (1024 584 81 ) 
4 64 102 (1024 600 80 ) (1024 584 80 ) (1024 584 81 ) (1024 600 81 ) 
4 64 100 (1024 584 81 ) (1024 584 352 ) (1024 600 352 ) (1024 600 81 ) 
4 64 99 (1024 800 80 ) (1024 600 80 ) (1024 600 81 ) (1024 800 81 ) 
4 64 96 (1024 600 81 ) (1024 600 352 ) (1024 800 352 ) (1024 800 81 ) 
4 64 91 (1024 488 352 ) (1024 488 562 ) (1024 800 562 ) (1024 800 352 ) 
4 64 86 (1024 800 81 ) (1024 800 352 ) (1024 816 352 ) (1024 816 81 ) 
4 64 89 (1024 816 80 ) (1024 800 80 ) (1024 800 81 ) (1024 816 81 ) 
4 64 82 (1024 816 81 ) (1024 816 352 ) (1024 832 352 ) (1024 832 81 ) 
4 64 83 (1024 832 80 ) (1024 816 80 ) (1024 816 81 ) (1024 832 81 ) 
4 64 80 (1024 800 352 ) (1024 800 562 ) (1024 832 562 ) (1024 832 352 ) 
4 64 67 (1024 1024 351.500000 ) (1024 1024 80.500000 ) (1024 832 80.500000 ) (1024 832 351.500000 ) 
4 64 68 (1024 1024 80.500000 ) (1024 1024 80 ) (1024 832 80 ) (1024 832 80.500000 ) 
4 64 65 (1024 1024 562 ) (1024 1024 351.500000 ) (1024 832 351.500000 ) (1024 832 562 ) 
4 65 82 (1024 832 351.500000 ) (1024 832 352 ) (196 832 352 ) (196 832 351.500000 ) 
4 65 81 (196 832 352 ) (32 832 352 ) (32 832 351.500000 ) (196 832 351.500000 ) 
4 65 80 (1024 832 352 ) (1024 832 562 ) (32 832 562 ) (32 832 352 ) 
4 65 71 (32 848 351.500000 ) (32 832 351.500000 ) (32 832 562 ) (32 848 562 ) 
4 65 69 (32 1024 562 ) (32 1024 351.500000 ) (32 848 351.500000 ) (32 848 562 ) 
5 65 67 (1024 832 351.500000 ) (495.249817 832 351.500000 ) (70 1021 351.500000 ) (76.750114 1024 351.500000 ) (1024 1024 351.500000 ) 
4 65 66 (495.249817 832 351.500000 ) (32 832 351.500000 ) (32 1024 351.500000 ) (63.249866 1024 351.500000 ) 
4 66 82 (495.249817 832 351.500000 ) (196 832 351.500000 ) (196 832 81 ) (495.249786 832 81 ) 
4 66 81 (196 832 351.500000 ) (32 832 351.500000 ) (32 832 81 ) (196 832 81 ) 
4 66 83 (32 832 81 ) (32 832 80.500000 ) (495.249786 832 80.500000 ) (495.249786 832 81 ) 
4 66 77 (32 864 100 ) (32 864 104 ) (32 880 104 ) (32 880 100 ) 
4 66 78 (32 880 80.500000 ) (32 864 80.500000 ) (32 864 96 ) (32 880 96 ) 
4 66 79 (32 864 80.500000 ) (32 832 80.500000 ) (32 832 104 ) (32 864 104 ) 
4 66 75 (32 880 92 ) (32 880 104 ) (32 896 104 ) (32 896 92 ) 
4 66 76 (32 896 80.500000 ) (32 880 80.500000 ) (32 880 88 ) (32 896 88 ) 
4 66 74 (32 896 84 ) (32 896 104 ) (32 912 104 ) (32 912 84 ) 
4 66 73 (32 1024 104 ) (32 1024 80.500000 ) (32 912 80.500000 ) (32 912 104 ) 
4 66 72 (32 848 104 ) (32 832 104 ) (32 832 112 ) (32 848 112 ) 
4 66 71 (32 832 116 ) (32 832 351.500000 ) (32 848 351.500000 ) (32 848 116 ) 
4 66 70 (32 1024 108 ) (32 1024 104 ) (32 864 104 ) (32 864 108 ) 
4 66 69 (32 1024 351.500000 ) (32 1024 108 ) (32 848 108 ) (32 848 351.500000 ) 
4 66 67 (495.246094 832 80.500000 ) (69.997650 1020.998901 80.500000 ) (69.997574 1020.998901 351.500000 ) (495.245148 832 351.500000 ) 
4 66 68 (495.249817 832 80.500000 ) (32 832 80.500000 ) (32 1024 80.500000 ) (63.249866 1024 80.500000 ) 
4 67 82 (1024 832 81 ) (1024 832 351.500000 ) (495.249817 832 351.500000 ) (495.249786 832 81 ) 
4 67 83 (1024 832 80.500000 ) (1024 832 81 ) (495.249786 832 81 ) (495.249786 832 80.500000 ) 
5 67 68 (1024 832 80.500000 ) (495.249817 832 80.500000 ) (70 1021 80.500000 ) (76.750114 1024 80.500000 ) (1024 1024 80.500000 ) 
4 68 130 (176 921.302002 80 ) (176 920 80 ) (80 920 80 ) (80 921.302002 80 ) 
3 68 128 (253.991623 882.799133 80 ) (265.570740 871.489685 80 ) (267.715576 856.826233 80 ) 
3 68 127 (205.986374 917.117859 80 ) (221 915.023071 80 ) (232.570938 903.721008 80 ) 
4 68 126 (272 865.210144 80 ) (272 832 80 ) (271.346924 832 80 ) (265.570740 871.489685 80 ) 
3 68 125 (272 907.906860 80 ) (272 865.210144 80 ) (221 915.023071 80 ) 
4 68 124 (176 1024 80 ) (272 1024 80 ) (272 907.906860 80 ) (176 921.301941 80 ) 
4 68 123 (272 1024 80 ) (1024 1024 80 ) (1024 832 80 ) (272 832 80 ) 
4 68 83 (32 832 80 ) (1024 832 80 ) (1024 832 80.500000 ) (32 832 80.500000 ) 
4 68 78 (32 880 80 ) (32 864 80 ) (32 864 80.500000 ) (32 880 80.500000 ) 
4 68 79 (32 864 80 ) (32 832 80 ) (32 832 80.500000 ) (32 864 80.500000 ) 
4 68 76 (32 896 80 ) (32 880 80 ) (32 880 80.500000 ) (32 896 80.500000 ) 
4 68 73 (32 1024 80.500000 ) (32 1024 80 ) (32 912 80 ) (32 912 80.500000 ) 
4 69 154 (0 864 108 ) (0 848 108 ) (0 848 127 ) (0 864 127 ) 
4 69 152 (0 880 108 ) (0 864 108 ) (0 864 127 ) (0 880 127 ) 
4 69 150 (0 896 108 ) (0 880 108 ) (0 880 127 ) (0 896 127 ) 
4 69 149 (0 912 108 ) (0 896 108 ) (0 896 127 ) (0 912 127 ) 
4 69 148 (0 1024 127 ) (0 1024 108 ) (0 912 108 ) (0 912 127 ) 
4 69 146 (0 1024 352 ) (0 1024 127 ) (0 848 127 ) (0 848 352 ) 
4 69 145 (0 1024 354 ) (0 1024 352 ) (0 848 352 ) (0 848 354 ) 
4 69 144 (0 1024 562 ) (0 1024 354 ) (0 848 354 ) (0 848 562 ) 
4 69 72 (0 848 112 ) (0 848 108 ) (32 848 108 ) (32 848 112 ) 
4 69 71 (0 848 562 ) (0 848 116 ) (32 848 116 ) (32 848 562 ) 
4 69 70 (0 864 108 ) (0 1024 108 ) (32 1024 108 ) (32 864 108 ) 
4 70 152 (0 880 104 ) (0 864 104 ) (0 864 108 ) (0 880 108 ) 
4 70 150 (0 896 104 ) (0 880 104 ) (0 880 108 ) (0 896 108 ) 
4 70 149 (0 912 104 ) (0 896 104 ) (0 896 108 ) (0 912 108 ) 
4 70 148 (0 1024 108 ) (0 1024 104 ) (0 912 104 ) (0 912 108 ) 
4 70 77 (32 880 104 ) (32 864 104 ) (0 864 104 ) (0 880 104 ) 
4 70 75 (32 896 104 ) (32 880 104 ) (0 880 104 ) (0 896 104 ) 
4 70 74 (32 912 104 ) (32 896 104 ) (0 896 104 ) (0 912 104 ) 
4 70 73 (0 1024 104 ) (32 1024 104 ) (32 912 104 ) (0 912 104 ) 
4 71 156 (0 832 116 ) (0 832 127 ) (0 848 127 ) (0 848 116 ) 
4 71 146 (0 832 127 ) (0 832 352 ) (0 848 352 ) (0 848 127 ) 
4 71 145 (0 832 352 ) (0 832 354 ) (0 848 354 ) (0 848 352 ) 
4 71 144 (0 832 354 ) (0 832 562 ) (0 848 562 ) (0 848 354 ) 
4 71 84 (32 832 124 ) (32 832 352 ) (0 832 352 ) (0 832 124 ) 
4 71 85 (32 832 116 ) (32 832 120 ) (0 832 120 ) (0 832 116 ) 
4 71 80 (32 832 352 ) (32 832 562 ) (0 832 562 ) (0 832 352 ) 
4 72 157 (0 848 104 ) (0 832 104 ) (0 832 112 ) (0 848 112 ) 
4 72 85 (32 832 104 ) (32 832 112 ) (0 832 112 ) (0 832 104 ) 
4 72 79 (32 848 104 ) (32 832 104 ) (0 832 104 ) (0 848 104 ) 
4 73 148 (0 1024 104 ) (0 1024 80 ) (0 912 80 ) (0 912 104 ) 
4 73 74 (32 912 84 ) (32 912 104 ) (0 912 104 ) (0 912 84 ) 
4 74 149 (0 896 84 ) (0 896 104 ) (0 912 104 ) (0 912 84 ) 
4 74 75 (32 896 92 ) (32 896 104 ) (0 896 104 ) (0 896 92 ) 
4 74 76 (32 896 84 ) (32 896 88 ) (0 896 88 ) (0 896 84 ) 
4 75 150 (0 880 92 ) (0 880 104 ) (0 896 104 ) (0 896 92 ) 
4 75 77 (32 880 100 ) (32 880 104 ) (0 880 104 ) (0 880 100 ) 
4 75 78 (32 880 92 ) (32 880 96 ) (0 880 96 ) (0 880 92 ) 
4 76 151 (0 896 80 ) (0 880 80 ) (0 880 88 ) (0 896 88 ) 
4 76 78 (0 880 80 ) (32 880 80 ) (32 880 88 ) (0 880 88 ) 
4 77 152 (0 864 100 ) (0 864 104 ) (0 880 104 ) (0 880 100 ) 
4 77 79 (32 864 100 ) (32 864 104 ) (0 864 104 ) (0 864 100 ) 
4 78 153 (0 880 80 ) (0 864 80 ) (0 864 96 ) (0 880 96 ) 
4 78 79 (0 864 80 ) (32 864 80 ) (32 864 96 ) (0 864 96 ) 
4 79 157 (0 848 80 ) (0 832 80 ) (0 832 104 ) (0 848 104 ) 
4 79 155 (0 864 80 ) (0 848 80 ) (0 848 104 ) (0 864 104 ) 
4 79 85 (0 832 80 ) (32 832 80 ) (32 832 104 ) (0 832 104 ) 
4 80 145 (0 800 352 ) (0 800 354 ) (0 832 354 ) (0 832 352 ) 
4 80 144 (0 800 354 ) (0 800 562 ) (0 832 562 ) (0 832 354 ) 
4 80 92 (0 800 562 ) (0 800 354 ) (164 800 354 ) (164 800 562 ) 
4 80 91 (164 800 352 ) (1024 800 352 ) (1024 800 562 ) (164 800 562 ) 
3 80 88 (178 816 352 ) (184.680420 813.030945 352 ) (182 807 352 ) 
3 80 87 (178 816 352 ) (186 816 352 ) (184.680420 813.030945 352 ) 
4 80 86 (1024 800 352 ) (178.888855 800 352 ) (186 816 352 ) (1024 816 352 ) 
4 80 84 (0 816 352 ) (0 832 352 ) (32 832 352 ) (32 816 352 ) 
5 80 82 (196 832 352 ) (1024 832 352 ) (1024 816 352 ) (178 816 352 ) (169 820 352 ) 
4 80 81 (32 832 352 ) (196 832 352 ) (160 816 352 ) (32 816 352 ) 
4 81 84 (32 816 124 ) (32 816 352 ) (32 832 352 ) (32 832 124 ) 
4 81 85 (32 816 81 ) (32 816 120 ) (32 832 120 ) (32 832 81 ) 
4 81 82 (169 820 81 ) (196 832 81 ) (196 832 352 ) (169 820 352 ) 
4 81 83 (160 816 81 ) (32 816 81 ) (32 832 81 ) (196 832 81 ) 
4 82 87 (186 816 352 ) (178 816 352 ) (178 816 81 ) (186 816 81 ) 
4 82 86 (1024 816 81 ) (1024 816 352 ) (186 816 352 ) (186 816 81 ) 
5 82 83 (1024 816 81 ) (178 816 81 ) (169 820 81 ) (196 832 81 ) (1024 832 81 ) 
3 83 126 (271.346924 832 80 ) (272 832 80 ) (272 827.535034 80 ) 
4 83 123 (1024 832 80 ) (1024 816 80 ) (272 816 80 ) (272 832 80 ) 
4 83 89 (160 816 80 ) (1024 816 80 ) (1024 816 81 ) (160 816 81 ) 
4 83 85 (32 816 80 ) (32 816 81 ) (32 832 81 ) (32 832 80 ) 
4 84 158 (0 816 124 ) (0 816 127 ) (0 832 127 ) (0 832 124 ) 
4 84 146 (0 816 127 ) (0 816 352 ) (0 832 352 ) (0 832 127 ) 
4 84 90 (30 816 244 ) (0 816 244 ) (0 816 127 ) (30 816 127 ) 
4 85 159 (0 832 80 ) (0 816 80 ) (0 816 120 ) (0 832 120 ) 
4 86 96 (1024 800 81 ) (1024 800 352 ) (603.500000 800 352 ) (603.499939 800 81 ) 
4 86 94 (603.500000 800 352 ) (178.888855 800 352 ) (178.888901 800 81 ) (603.499939 800 81 ) 
4 86 88 (184.680420 813.030945 81 ) (182 807 81 ) (182 807 352 ) (184.680420 813.030945 352 ) 
4 86 87 (186 816 352 ) (186 816 81 ) (184.680420 813.030945 81 ) (184.680420 813.030945 352 ) 
4 86 89 (1024 800 81 ) (178.888855 800 81 ) (186 816 81 ) (1024 816 81 ) 
4 87 88 (178 816 352 ) (178 816 81 ) (184.681641 813.030273 81 ) (184.681656 813.030273 352 ) 
3 87 89 (178 816 81 ) (186 816 81 ) (184.680420 813.030945 81 ) 
3 88 89 (178 816 81 ) (184.680420 813.030945 81 ) (182 807 81 ) 
4 89 131 (176 800 80 ) (160 800 80 ) (160 816 80 ) (176 816 80 ) 
4 89 123 (1024 816 80 ) (1024 800 80 ) (272 800 80 ) (272 816 80 ) 
4 89 99 (176 800 80 ) (1024 800 80 ) (1024 800 81 ) (176 800 81 ) 
4 90 147 (0 800 127 ) (0 800 244 ) (0 816 244 ) (0 816 127 ) 
4 90 97 (0 800 244 ) (0 800 128 ) (30 800 128 ) (30 800 244 ) 
4 91 107 (1024 488 352 ) (1024 488 562 ) (164 488 562 ) (164 488 352 ) 
3 91 105 (173.030945 577.319641 352 ) (167 580 352 ) (176 584 352 ) 
5 91 104 (1024 488 352 ) (374 488 352 ) (173.030945 577.319641 352 ) (176 584 352 ) (1024 584 352 ) 
3 91 103 (374 488 352 ) (164 488 352 ) (164 581.333374 352 ) 
3 91 101 (176.888885 600 352 ) (183.111115 600 352 ) (180 593 352 ) 
4 91 100 (183.111115 600 352 ) (1024 600 352 ) (1024 584 352 ) (176 584 352 ) 
6 91 96 (176 610 352 ) (603.500000 800 352 ) (1024 800 352 ) (1024 600 352 ) (176.888855 600 352 ) (176 602 352 ) 
3 91 95 (178 798 352 ) (176 793.500000 352 ) (176 797.111023 352 ) 
4 91 94 (178.888901 800 352 ) (603.500000 800 352 ) (176 610 352 ) (176 793.500000 352 ) 
4 91 92 (164 600 354 ) (164 600 562 ) (164 800 562 ) (164 800 354 ) 
4 91 93 (164 600 352 ) (164 488 352 ) (164 488 562 ) (164 600 562 ) 
4 92 165 (0 800 363 ) (0 800 354 ) (0 600 354 ) (0 600 363 ) 
4 92 164 (0 600 562 ) (0 800 562 ) (0 800 363 ) (0 600 363 ) 
4 92 93 (164 600 354 ) (164 600 562 ) (0 600 562 ) (0 600 354 ) 
4 93 169 (0 584 354 ) (0 600 354 ) (0 600 352 ) (0 584 352 ) 
4 93 170 (0 488 352 ) (0 488 354 ) (0 584 354 ) (0 584 352 ) 
4 93 165 (0 488 354 ) (0 488 363 ) (0 600 363 ) (0 600 354 ) 
4 93 164 (0 488 363 ) (0 488 562 ) (0 600 562 ) (0 600 363 ) 
4 93 107 (164 488 562 ) (0 488 562 ) (0 488 352 ) (164 488 352 ) 
5 93 103 (164 488 352 ) (0 488 352 ) (0 584 352 ) (158 584 352 ) (164 581.333374 352 ) 
4 94 99 (178.888901 800 81 ) (603.500000 800 81 ) (176 610 81 ) (176 793.500000 81 ) 
4 94 96 (176 610 81 ) (603.499268 800 81 ) (603.503906 800 352 ) (176 610 352 ) 
4 94 95 (178 798 81 ) (176 793.498047 81 ) (176 793.498047 352 ) (178.001038 798 352 ) 
3 95 99 (178 798 81 ) (176 793.500000 81 ) (176 797.111023 81 ) 
4 96 101 (183.111084 600 352 ) (176.888855 600 352 ) (176.888870 600 81 ) (183.111115 600 81 ) 
4 96 100 (1024 600 81 ) (1024 600 352 ) (183.111084 600 352 ) (183.111115 600 81 ) 
6 96 99 (1024 600 81 ) (176.888855 600 81 ) (176 602 81 ) (176 610 81 ) (603.500000 800 81 ) (1024 800 81 ) 
4 97 166 (0 600 128 ) (0 600 306 ) (0 800 306 ) (0 800 128 ) 
4 97 98 (160 606.500000 306 ) (158 602 306 ) (158 602 128 ) (160 606.499756 128 ) 
4 99 123 (1024 800 80 ) (1024 600 80 ) (272 600 80 ) (272 800 80 ) 
4 99 102 (176 600 80 ) (1024 600 80 ) (1024 600 81 ) (176 600 81 ) 
4 100 104 (1024 584 81 ) (1024 584 352 ) (176 584 352 ) (176 584 81 ) 
4 100 102 (1024 584 81 ) (176 584 81 ) (183.111115 600 81 ) (1024 600 81 ) 
4 100 101 (183.111328 600 352 ) (183.111328 600 81 ) (180 593 81 ) (180 593 352 ) 
3 101 102 (176.888885 600 81 ) (183.111115 600 81 ) (180 593 81 ) 
4 102 131 (176 584 80 ) (160 584 80 ) (160 600 80 ) (176 600 80 ) 
4 102 123 (1024 600 80 ) (1024 584 80 ) (272 584 80 ) (272 600 80 ) 
4 102 106 (160 584 80 ) (1024 584 80 ) (1024 584 81 ) (160 584 81 ) 
4 103 170 (0 488 81 ) (0 488 352 ) (0 584 352 ) (0 584 81 ) 
4 103 110 (0 488 224 ) (0 488 81 ) (106 488 81 ) (106 488 224 ) 
4 103 109 (190 488 81 ) (374 488 81 ) (374 488 224 ) (190 488 224 ) 
4 103 108 (374 488 224 ) (374 488 248 ) (192 488 248 ) (192 488 224 ) 
4 103 107 (374 488 352 ) (0 488 352 ) (0 488 248 ) (374 488 248 ) 
4 103 105 (173.030930 577.319580 81 ) (167 580 81 ) (167 580 352 ) (173.030930 577.319580 352 ) 
4 103 104 (374 488 81 ) (173.030930 577.319580 81 ) (173.030930 577.319580 352 ) (374 488 352 ) 
4 103 106 (374 488 81 ) (0 488 81 ) (0 584 81 ) (158 584 81 ) 
4 104 109 (1024 488 81 ) (1024 488 224 ) (374 488 224 ) (374 488 81 ) 
4 104 108 (1024 488 224 ) (1024 488 248 ) (374 488 248 ) (374 488 224 ) 
4 104 107 (1024 488 248 ) (1024 488 352 ) (374 488 352 ) (374 488 248 ) 
4 104 105 (175.998062 584 352 ) (175.998047 584 81 ) (173.030273 577.318359 81 ) (173.030273 577.318359 352 ) 
5 104 106 (1024 488 81 ) (374 488 81 ) (173.030945 577.319641 81 ) (176 584 81 ) (1024 584 81 ) 
3 105 106 (173.030945 577.319641 81 ) (167 580 81 ) (176 584 81 ) 
4 106 170 (0 584 80 ) (0 488 80 ) (0 488 81 ) (0 584 81 ) 
4 106 129 (1024 584 80 ) (1024 488 80 ) (640 488 80 ) (640 584 80 ) 
4 106 110 (0 488 80 ) (106 488 80 ) (106 488 81 ) (0 488 81 ) 
4 106 109 (190 488 80 ) (1024 488 80 ) (1024 488 81 ) (190 488 81 ) 
4 107 185 (0 0 248 ) (0 0 562 ) (0 488 562 ) (0 488 248 ) 
4 107 139 (1024 0 248 ) (1024 0 562 ) (0 0 562 ) (0 0 248 ) 
4 107 118 (190 0 248 ) (0 0 248 ) (0 137 248 ) (190 137 248 ) 
4 107 117 (1024 0 248 ) (190 0 248 ) (190 160 248 ) (1024 160 248 ) 
4 107 112 (0 160 248 ) (0 464 248 ) (160 464 248 ) (160 160 248 ) 
4 107 111 (192 464 248 ) (1024 464 248 ) (1024 160 248 ) (192 160 248 ) 
4 107 108 (192 488 248 ) (1024 488 248 ) (1024 464 248 ) (192 464 248 ) 
4 108 111 (1024 464 224 ) (1024 464 248 ) (192 464 248 ) (192 464 224 ) 
4 108 109 (1024 464 224 ) (192 464 224 ) (192 488 224 ) (1024 488 224 ) 
4 109 133 (1024 488 80 ) (1024 464 80 ) (190 464 80 ) (190 488 80 ) 
4 109 113 (190 464 80 ) (1024 464 80 ) (1024 464 224 ) (190 464 224 ) 
4 110 191 (0 488 80 ) (0 464 80 ) (0 464 224 ) (0 488 224 ) 
3 110 115 (0 464 216.273911 ) (0 464 214.855286 ) (61.834499 464 216.822998 ) 
4 110 114 (0 464 80 ) (106 464 80 ) (106 464 218.228439 ) (0 464 214.855286 ) 
4 111 117 (1024 160 224 ) (1024 160 248 ) (192 160 248 ) (192 160 224 ) 
4 111 113 (1024 160 224 ) (192 160 224 ) (192 464 224 ) (1024 464 224 ) 
4 112 187 (0 160 228 ) (0 160 248 ) (0 464 248 ) (0 464 228 ) 
4 113 133 (1024 464 80 ) (1024 160 80 ) (190 160 80 ) (190 464 80 ) 
4 113 119 (190 160 80 ) (1024 160 80 ) (1024 160 224 ) (190 160 224 ) 
4 114 201 (0 160 212.890656 ) (0 160 214.855286 ) (0 464 214.855286 ) (0 464 212.891052 ) 
4 114 196 (0 212 168 ) (0 212 212.890717 ) (0 412 212.890976 ) (0 412 168 ) 
4 114 194 (0 464 80 ) (0 412 80 ) (0 412 212.890976 ) (0 464 212.891052 ) 
4 114 199 (0 212 80 ) (0 160 80 ) (0 160 212.890656 ) (0 212 212.890717 ) 
4 114 122 (0 160 80 ) (108 160 80 ) (108 160 218.292068 ) (0 160 214.855286 ) 
4 114 116 (139.403244 160 219.291397 ) (148 160 219.564957 ) (148 464 219.564957 ) (139.472717 464 219.293594 ) 
4 114 115 (0 160 214.855286 ) (61.834835 160 216.822998 ) (61.834831 464 216.822998 ) (0 464 214.855286 ) 
4 115 202 (0 160 215.726089 ) (0 160 216.273911 ) (0 464 216.273911 ) (0 464 215.726089 ) 
4 115 201 (0 160 214.855286 ) (0 160 215.726089 ) (0 464 215.726089 ) (0 464 214.855286 ) 
3 115 122 (0 160 216.273911 ) (0 160 214.855286 ) (61.834805 160 216.822998 ) 
4 117 139 (1024 0 223.973999 ) (1024 0 248 ) (190 0 248 ) (190 0 223.973999 ) 
4 117 119 (1024 0 223.973999 ) (190 0 223.973999 ) (190 160 223.973999 ) (1024 160 223.973999 ) 
4 117 118 (190 137 223.973999 ) (190 0 223.973999 ) (190 0 248 ) (190 137 248 ) 
4 118 189 (0 0 223.973999 ) (0 0 248 ) (0 137 248 ) (0 137 223.973999 ) 
4 118 139 (190 0 248 ) (0 0 248 ) (0 0 223.973999 ) (190 0 223.973999 ) 
4 118 121 (148 0 223.973999 ) (108 0 223.973999 ) (108 136 223.973999 ) (148 136 223.973999 ) 
4 118 122 (108 0 223.973999 ) (0 0 223.973999 ) (0 137 223.973999 ) (108 137 223.973999 ) 
4 118 120 (190 0 223.973999 ) (148 0 223.973999 ) (148 137 223.973999 ) (190 137 223.973999 ) 
4 119 139 (1024 0 80 ) (1024 0 223.973999 ) (190 0 223.973999 ) (190 0 80 ) 
4 119 133 (1024 160 80 ) (1024 0 80 ) (190 0 80 ) (190 160 80 ) 
4 119 120 (190 0 223.973999 ) (190 137 223.973999 ) (190 137 80 ) (190 0 80 ) 
4 120 139 (190 0 223.973999 ) (148 0 223.973999 ) (148 0 80 ) (190 0 80 ) 
4 120 135 (190 0 80 ) (148 0 80 ) (148 137 80 ) (190 137 80 ) 
4 120 121 (148 0 223.973999 ) (148 136 223.973999 ) (148 136 80 ) (148 0 80 ) 
4 121 139 (148 0 223.973999 ) (108 0 223.973999 ) (108 0 80 ) (148 0 80 ) 
4 121 136 (148 0 80 ) (108 0 80 ) (108 136 80 ) (148 136 80 ) 
4 121 122 (108 0 223.973999 ) (108 136 223.973999 ) (108 136 80 ) (108 0 80 ) 
4 122 205 (0 160 80 ) (0 136 80 ) (0 136 223.973999 ) (0 160 223.973999 ) 
4 122 209 (0 136 80 ) (0 0 80 ) (0 0 223.973999 ) (0 136 223.973999 ) 
4 122 139 (108 0 223.973999 ) (0 0 223.973999 ) (0 0 80 ) (108 0 80 ) 
4 122 136 (108 0 80 ) (0 0 80 ) (0 136 80 ) (108 136 80 ) 
4 123 137 (960 1024 64 ) (1024 1024 64 ) (1024 584 64 ) (960 584 64 ) 
4 123 129 (640 584 64 ) (1024 584 64 ) (1024 584 80 ) (640 584 80 ) 
4 123 126 (272 865.210205 64 ) (272 827.535034 64 ) (272 827.535034 80 ) (272 865.210144 80 ) 
4 123 125 (272 907.906921 64 ) (272 865.210205 64 ) (272 865.210144 80 ) (272 907.906860 80 ) 
4 123 124 (272 1024 64 ) (272 907.906921 64 ) (272 907.906860 80 ) (272 1024 80 ) 
4 124 127 (206 917.116028 64 ) (221 915.023071 64 ) (221 915.023071 80 ) (205.986145 917.117981 80 ) 
4 124 125 (221 915.023071 64 ) (272 907.906738 64 ) (272 907.906738 80 ) (221 915.023071 80 ) 
4 125 128 (253.990555 882.801147 64 ) (265.570587 871.490723 64 ) (265.570587 871.490723 80 ) (253.990601 882.801086 80 ) 
4 125 127 (220.996094 915.027344 80 ) (220.996094 915.027344 64 ) (232.562454 903.730286 64 ) (232.573013 903.719971 80 ) 
4 125 126 (265.570587 871.490723 64 ) (272 865.210999 64 ) (272 865.210999 80 ) (265.570587 871.490723 80 ) 
4 126 128 (265.569824 871.494141 80 ) (265.569824 871.494141 64 ) (267.715088 856.827148 64 ) (267.715088 856.827148 80 ) 
4 129 137 (1024 584 64 ) (1024 488 64 ) (960 488 64 ) (960 584 64 ) 
4 129 133 (640 488 64 ) (1024 488 64 ) (1024 488 80 ) (640 488 80 ) 
4 131 132 (80 816 64 ) (80 584 64 ) (80 584 80 ) (80 816 80 ) 
4 132 211 (0 816 64 ) (0 584 64 ) (0 584 80 ) (0 816 80 ) 
4 133 139 (1024 0 64 ) (1024 0 80 ) (190 0 80 ) (190 0 64 ) 
4 133 137 (1024 0 64 ) (960 0 64 ) (960 488 64 ) (1024 488 64 ) 
4 133 134 (190 488 78.973801 ) (190 488 64 ) (190 137 64 ) (190 137 78.973801 ) 
4 133 135 (190 137 64 ) (190 0 64 ) (190 0 80 ) (190 137 80 ) 
4 134 135 (148 137 78.973801 ) (148 137 64 ) (190 137 64 ) (190 137 78.973801 ) 
4 135 139 (190 0 80 ) (148 0 80 ) (148 0 64 ) (190 0 64 ) 
4 135 136 (148 136 64 ) (148 0 64 ) (148 0 80 ) (148 136 80 ) 
4 136 213 (0 136 64 ) (0 0 64 ) (0 0 80 ) (0 136 80 ) 
4 136 139 (148 0 80 ) (0 0 80 ) (0 0 64 ) (148 0 64 ) 
4 137 140 (1024 0 30 ) (1024 0 64 ) (960 0 64 ) (960 0 30 ) 
4 138 142 (1552 -1024 562 ) (1024 -1024 562 ) (1024 -1024 30 ) (1552 -1024 30 ) 
4 138 140 (1024 0 64 ) (1024 0 30 ) (1024 -1024 30 ) (1024 -1024 64 ) 
4 138 139 (1024 0 562 ) (1024 0 64 ) (1024 -1024 64 ) (1024 -1024 562 ) 
4 139 220 (0 -1024 64 ) (0 -1024 562 ) (0 0 562 ) (0 0 64 ) 
4 139 143 (1024 -1024 64 ) (1024 -1024 562 ) (0 -1024 562 ) (0 -1024 64 ) 
4 139 141 (960 -1024 64 ) (0 -1024 64 ) (0 -896 64 ) (960 -896 64 ) 
4 139 140 (1024 -1024 64 ) (960 -1024 64 ) (960 0 64 ) (1024 0 64 ) 
4 140 143 (1024 -1024 30 ) (1024 -1024 64 ) (960 -1024 64 ) (960 -1024 30 ) 
4 140 141 (960 -896 30 ) (960 -1024 30 ) (960 -1024 64 ) (960 -896 64 ) 
4 141 221 (0 -1024 30 ) (0 -1024 64 ) (0 -896 64 ) (0 -896 30 ) 
4 141 143 (960 -1024 64 ) (0 -1024 64 ) (0 -1024 30 ) (960 -1024 30 ) 
4 142 143 (1024 -1024 562 ) (1024 -1024 30 ) (1024 -1210 30 ) (1024 -1210 562 ) 
4 143 225 (0 -1210 562 ) (0 -1024 562 ) (0 -1024 30 ) (0 -1210 30 ) 
4 144 165 (0 800 354 ) (0 800 363 ) (-48 800 363 ) (-48 800 354 ) 
4 144 164 (0 800 363 ) (0 800 562 ) (-48 800 562 ) (-48 800 363 ) 
4 144 160 (-48 1024 562 ) (-48 1024 354 ) (-48 800 354 ) (-48 800 562 ) 
4 144 145 (0 800 354 ) (-46 800 354 ) (-46 1024 354 ) (0 1024 354 ) 
4 145 146 (-32 1024 352 ) (0 1024 352 ) (0 816 352 ) (-32 816 352 ) 
4 146 158 (0 832 127 ) (0 816 127 ) (-32 816 127 ) (-32 832 127 ) 
4 146 156 (0 848 127 ) (0 832 127 ) (-32 832 127 ) (-32 848 127 ) 
4 146 154 (0 864 127 ) (0 848 127 ) (-32 848 127 ) (-32 864 127 ) 
4 146 152 (0 880 127 ) (0 864 127 ) (-32 864 127 ) (-32 880 127 ) 
4 146 150 (0 896 127 ) (0 880 127 ) (-32 880 127 ) (-32 896 127 ) 
4 146 149 (0 912 127 ) (0 896 127 ) (-32 896 127 ) (-32 912 127 ) 
4 146 148 (-32 1024 127 ) (0 1024 127 ) (0 912 127 ) (-32 912 127 ) 
4 146 147 (-30 816 127 ) (0 816 127 ) (0 816 244 ) (-30 816 244 ) 
4 147 166 (0 800 128 ) (0 800 244 ) (-30 800 244 ) (-30 800 128 ) 
4 148 149 (-32 912 127 ) (-32 912 84 ) (0 912 84 ) (0 912 127 ) 
4 149 150 (-32 896 127 ) (-32 896 92 ) (0 896 92 ) (0 896 127 ) 
4 149 151 (-32 896 88 ) (-32 896 84 ) (0 896 84 ) (0 896 88 ) 
4 150 152 (-32 880 127 ) (-32 880 100 ) (0 880 100 ) (0 880 127 ) 
4 150 153 (-32 880 96 ) (-32 880 92 ) (0 880 92 ) (0 880 96 ) 
4 151 153 (-32 880 88 ) (-32 880 80 ) (0 880 80 ) (0 880 88 ) 
4 152 154 (-32 864 127 ) (-32 864 108 ) (0 864 108 ) (0 864 127 ) 
4 152 155 (-32 864 104 ) (-32 864 100 ) (0 864 100 ) (0 864 104 ) 
4 153 155 (-32 864 96 ) (-32 864 80 ) (0 864 80 ) (0 864 96 ) 
4 154 156 (-32 848 127 ) (-32 848 116 ) (0 848 116 ) (0 848 127 ) 
4 154 157 (-32 848 112 ) (-32 848 108 ) (0 848 108 ) (0 848 112 ) 
4 155 157 (-32 848 104 ) (-32 848 80 ) (0 848 80 ) (0 848 104 ) 
4 156 158 (-32 832 127 ) (-32 832 124 ) (0 832 124 ) (0 832 127 ) 
4 156 159 (-32 832 120 ) (-32 832 116 ) (0 832 116 ) (0 832 120 ) 
4 157 159 (-32 832 112 ) (-32 832 80 ) (0 832 80 ) (0 832 112 ) 
4 160 165 (-48 800 354 ) (-48 800 363 ) (-272 800 363 ) (-272 800 354 ) 
4 160 164 (-48 800 363 ) (-48 800 562 ) (-272 800 562 ) (-272 800 363 ) 
4 160 162 (-272 800 354 ) (-272 800 562 ) (-272 1024 562 ) (-272 1024 354 ) 
4 161 168 (-270 800 306 ) (-272 800 306 ) (-272 800 128 ) (-270 800 128 ) 
4 161 166 (-48 800 128 ) (-48 800 306 ) (-270 800 306 ) (-270 800 128 ) 
4 162 223 (-1024 1024 562 ) (-1024 1024 352 ) (-1024 800 352 ) (-1024 800 562 ) 
4 162 176 (-288 800 363 ) (-320 800 363 ) (-320 800 352 ) (-288 800 352 ) 
4 162 174 (-285 800 363 ) (-288 800 363 ) (-288 800 352 ) (-285 800 352 ) 
4 162 173 (-272 800 352 ) (-272 800 363 ) (-285 800 363 ) (-285 800 352 ) 
4 162 184 (-320 800 363 ) (-1024 800 363 ) (-1024 800 352 ) (-320 800 352 ) 
4 162 164 (-272 800 363 ) (-272 800 562 ) (-1024 800 562 ) (-1024 800 363 ) 
4 162 163 (-288 800 352 ) (-1024 800 352 ) (-1024 1024 352 ) (-288 1024 352 ) 
4 163 223 (-1024 1024 352 ) (-1024 1024 80 ) (-1024 800 80 ) (-1024 800 352 ) 
4 163 212 (-1024 800 80 ) (-1024 1024 80 ) (-576 1024 80 ) (-576 800 80 ) 
4 163 176 (-320 800 80 ) (-288 800 80 ) (-288 800 352 ) (-320 800 352 ) 
4 163 184 (-1024 800 80 ) (-320 800 80 ) (-320 800 352 ) (-1024 800 352 ) 
4 164 223 (-1024 488 363 ) (-1024 488 562 ) (-1024 800 562 ) (-1024 800 363 ) 
4 164 185 (-1024 488 562 ) (-1024 488 363 ) (0 488 363 ) (0 488 562 ) 
5 164 178 (-320 597.333313 363 ) (-320 640 363 ) (-272 640 363 ) (-272 584 363 ) (-281 580 363 ) 
4 164 177 (-320 640 363 ) (-320 672 363 ) (-288 672 363 ) (-288 640 363 ) 
4 164 176 (-320 672 363 ) (-320 800 363 ) (-288 800 363 ) (-288 672 363 ) 
4 164 175 (-285 672 363 ) (-285 640 363 ) (-288 640 363 ) (-288 672 363 ) 
4 164 174 (-288 800 363 ) (-285 800 363 ) (-285 672 363 ) (-288 672 363 ) 
4 164 173 (-285 800 363 ) (-272 800 363 ) (-272 640 363 ) (-285 640 363 ) 
3 164 172 (-272 584 363 ) (-272 576 363 ) (-281 580 363 ) 
4 164 171 (-272 488 363 ) (-320 488 363 ) (-320 597.333313 363 ) (-272 576 363 ) 
4 164 184 (-320 488 363 ) (-1024 488 363 ) (-1024 800 363 ) (-320 800 363 ) 
4 164 165 (0 488 363 ) (-272 488 363 ) (-272 800 363 ) (0 800 363 ) 
4 165 185 (0 488 354 ) (0 488 363 ) (-272 488 363 ) (-272 488 354 ) 
4 165 178 (-272 584 363 ) (-272 640 363 ) (-272 640 354 ) (-272 584 354 ) 
4 165 173 (-272 640 363 ) (-272 800 363 ) (-272 800 354 ) (-272 640 354 ) 
4 165 172 (-272 576 363 ) (-272 584 363 ) (-272 584 354 ) (-272 576 354 ) 
4 165 171 (-272 488 354 ) (-272 488 363 ) (-272 576 363 ) (-272 576 354 ) 
4 165 169 (-272 584 354 ) (-272 600 354 ) (0 600 354 ) (0 584 354 ) 
4 165 167 (-272 600 354 ) (-272 800 354 ) (-270 800 354 ) (-270 600 354 ) 
4 165 170 (0 488 354 ) (-272 488 354 ) (-272 584 354 ) (0 584 354 ) 
4 166 168 (-270 600 128 ) (-270 600 306 ) (-270 800 306 ) (-270 800 128 ) 
4 167 178 (-272 600 354 ) (-272 640 354 ) (-272 640 352 ) (-272 600 352 ) 
4 167 173 (-272 640 354 ) (-272 800 354 ) (-272 800 352 ) (-272 640 352 ) 
4 167 169 (-270 600 354 ) (-272 600 354 ) (-272 600 352 ) (-270 600 352 ) 
5 167 168 (-270 800 352 ) (-270 600 352 ) (-271.111115 600 352 ) (-272 602 352 ) (-272 800 352 ) 
4 169 178 (-272 584 354 ) (-272 600 354 ) (-272 600 352 ) (-272 584 352 ) 
4 169 170 (0 584 354 ) (-272 584 354 ) (-272 584 352 ) (0 584 352 ) 
4 170 192 (-178 488 80 ) (-56 488 80 ) (-56 488 223.973999 ) (-178 488 223.973999 ) 
4 170 191 (-16 488 80 ) (0 488 80 ) (0 488 223.973999 ) (-16 488 223.973999 ) 
4 170 204 (-272 488 80 ) (-256 488 80 ) (-256 488 223.973999 ) (-272 488 223.973999 ) 
4 170 186 (-256 488 248 ) (-272 488 248 ) (-272 488 223.973999 ) (-256 488 223.973999 ) 
4 170 185 (0 488 248 ) (0 488 354 ) (-272 488 354 ) (-272 488 248 ) 
4 170 172 (-272 576 354 ) (-272 584 354 ) (-272 584 80 ) (-272 576 80 ) 
4 170 171 (-272 488 80 ) (-272 488 354 ) (-272 576 354 ) (-272 576 80 ) 
4 171 204 (-320 488 80 ) (-272 488 80 ) (-272 488 223.973999 ) (-320 488 223.973999 ) 
4 171 186 (-272 488 223.973999 ) (-272 488 248 ) (-320 488 248 ) (-320 488 223.973999 ) 
4 171 185 (-272 488 248 ) (-272 488 363 ) (-320 488 363 ) (-320 488 248 ) 
4 171 182 (-281.001678 580 80 ) (-288 583.109619 80 ) (-288 583.109619 81 ) (-281.001678 580 81 ) 
4 171 183 (-288 583.109619 80 ) (-290 583.998169 80 ) (-290 583.998169 81 ) (-288 583.109619 81 ) 
4 171 179 (-290 583.998169 80 ) (-320 597.332031 80 ) (-320 597.332031 352 ) (-290 583.998169 352 ) 
4 171 178 (-320 597.332031 352 ) (-320 597.332031 363 ) (-281.001678 580 363 ) (-281.001678 580 352 ) 
4 171 172 (-272 575.998413 363 ) (-272 575.998413 80 ) (-281.001678 580 80 ) (-281.001678 580 363 ) 
4 171 184 (-320 488 80 ) (-320 488 363 ) (-320 597.333313 363 ) (-320 597.333374 80 ) 
4 172 182 (-272 584.001953 81 ) (-272 584.001953 80 ) (-281.003906 580 80 ) (-281.003906 580 81 ) 
4 172 178 (-272 584.001953 363 ) (-272 584.001953 352 ) (-281.003876 580 352 ) (-281.003876 580 363 ) 
4 173 178 (-272 640 352 ) (-272 640 363 ) (-285 640 363 ) (-285 640 352 ) 
4 173 175 (-285 640 352 ) (-285 640 363 ) (-285 672 363 ) (-285 672 352 ) 
4 173 174 (-285 672 363 ) (-285 800 363 ) (-285 800 352 ) (-285 672 352 ) 
4 174 176 (-288 672 363 ) (-288 800 363 ) (-288 800 352 ) (-288 672 352 ) 
4 174 175 (-288 672 363 ) (-288 672 352 ) (-285 672 352 ) (-285 672 363 ) 
4 175 178 (-285 640 352 ) (-285 640 363 ) (-288 640 363 ) (-288 640 352 ) 
4 175 177 (-288 640 352 ) (-288 640 363 ) (-288 672 363 ) (-288 672 352 ) 
4 176 184 (-320 672 363 ) (-320 800 363 ) (-320 800 80 ) (-320 672 80 ) 
4 176 177 (-320 672 363 ) (-320 672 80 ) (-288 672 80 ) (-288 672 363 ) 
4 177 183 (-314.888916 640 80 ) (-288 640 80 ) (-288 640 81 ) (-314.888916 640 81 ) 
4 177 180 (-288 640 81 ) (-288 640 352 ) (-314.888916 640 352 ) (-314.888916 640 81 ) 
4 177 179 (-320 640 352 ) (-320 640 80 ) (-314.888916 640 80 ) (-314.888916 640 352 ) 
4 177 178 (-320 640 363 ) (-320 640 352 ) (-288 640 352 ) (-288 640 363 ) 
4 177 184 (-320 640 363 ) (-320 672 363 ) (-320 672 80 ) (-320 640 80 ) 
3 178 181 (-288 606.500000 352 ) (-288 602.888855 352 ) (-290 602 352 ) 
4 178 180 (-314.888916 640 352 ) (-288 640 352 ) (-288 606.500000 352 ) (-294 593 352 ) 
4 178 179 (-320 640 352 ) (-314.888916 640 352 ) (-290 584 352 ) (-320 597.333374 352 ) 
4 178 184 (-320 597.333313 363 ) (-320 640 363 ) (-320 640 352 ) (-320 597.333313 352 ) 
4 179 183 (-314.888672 640 80 ) (-314.888672 640 81 ) (-290 584 81 ) (-290 584 80 ) 
4 179 180 (-314.888672 640 81 ) (-314.888672 640 352 ) (-294 593 352 ) (-294 593 81 ) 
4 179 184 (-320 640 352 ) (-320 640 80 ) (-320 597.333374 80 ) (-320 597.333313 352 ) 
4 180 183 (-294 592.997864 81 ) (-314.890625 640 81 ) (-288 640 81 ) (-288 606.500000 81 ) 
4 180 181 (-290 602 81 ) (-288 606.500000 81 ) (-288 606.500000 352 ) (-290 602 352 ) 
3 181 183 (-290 602 81 ) (-288 606.500000 81 ) (-288 602.888855 81 ) 
4 182 211 (-272 600 80 ) (-272 584 80 ) (-288 584 80 ) (-288 600 80 ) 
4 182 183 (-288 583.111084 80 ) (-288 583.111084 81 ) (-288 600 81 ) (-288 600 80 ) 
4 184 223 (-1024 800 80 ) (-1024 488 80 ) (-1024 488 363 ) (-1024 800 363 ) 
4 184 212 (-1024 488 80 ) (-1024 800 80 ) (-576 800 80 ) (-576 488 80 ) 
4 184 204 (-1024 488 223.973999 ) (-1024 488 80 ) (-320 488 80 ) (-320 488 223.973999 ) 
4 184 186 (-1024 488 248 ) (-1024 488 223.973999 ) (-320 488 223.973999 ) (-320 488 248 ) 
4 184 185 (-1024 488 363 ) (-1024 488 248 ) (-320 488 248 ) (-320 488 363 ) 
4 185 223 (-1024 0 248 ) (-1024 0 562 ) (-1024 488 562 ) (-1024 488 248 ) 
4 185 220 (0 0 248 ) (0 0 562 ) (-1024 0 562 ) (-1024 0 248 ) 
4 185 189 (0 137 248 ) (0 0 248 ) (-256 0 248 ) (-256 137 248 ) 
4 185 190 (-1024 0 248 ) (-1024 160 248 ) (-256 160 248 ) (-256 0 248 ) 
4 185 187 (-224 464 248 ) (0 464 248 ) (0 160 248 ) (-224 160 248 ) 
4 185 188 (-1024 160 248 ) (-1024 464 248 ) (-256 464 248 ) (-256 160 248 ) 
4 185 186 (-1024 464 248 ) (-1024 488 248 ) (-256 488 248 ) (-256 464 248 ) 
4 186 223 (-1024 464 248 ) (-1024 488 248 ) (-1024 488 223.973999 ) (-1024 464 223.973999 ) 
4 186 204 (-1024 464 223.973999 ) (-1024 488 223.973999 ) (-256 488 223.973999 ) (-256 464 223.973999 ) 
4 186 188 (-1024 464 223.973999 ) (-256 464 223.973999 ) (-256 464 248 ) (-1024 464 248 ) 
4 188 223 (-1024 160 248 ) (-1024 464 248 ) (-1024 464 223.973999 ) (-1024 160 223.973999 ) 
4 188 204 (-1024 160 223.973999 ) (-1024 464 223.973999 ) (-256 464 223.973999 ) (-256 160 223.973999 ) 
4 188 190 (-1024 160 223.973999 ) (-256 160 223.973999 ) (-256 160 248 ) (-1024 160 248 ) 
4 189 220 (0 0 223.973999 ) (0 0 248 ) (-256 0 248 ) (-256 0 223.973999 ) 
4 189 207 (-256 136 223.973999 ) (-256 137 223.973999 ) (-218 137 223.973999 ) (-218 136 223.973999 ) 
4 189 205 (-14 137 223.973999 ) (0 137 223.973999 ) (0 136 223.973999 ) (-14 136 223.973999 ) 
4 189 206 (-176 137 223.973999 ) (-54 137 223.973999 ) (-54 136 223.973999 ) (-176 136 223.973999 ) 
4 189 209 (0 0 223.973999 ) (-256 0 223.973999 ) (-256 136 223.973999 ) (0 136 223.973999 ) 
4 189 190 (-256 137 223.973999 ) (-256 0 223.973999 ) (-256 0 248 ) (-256 137 248 ) 
4 190 223 (-1024 0 223.973999 ) (-1024 0 248 ) (-1024 160 248 ) (-1024 160 223.973999 ) 
4 190 220 (-256 0 248 ) (-1024 0 248 ) (-1024 0 223.973999 ) (-256 0 223.973999 ) 
4 190 208 (-1024 136 223.973999 ) (-1024 160 223.973999 ) (-256 160 223.973999 ) (-256 136 223.973999 ) 
4 190 209 (-256 0 223.973999 ) (-1024 0 223.973999 ) (-1024 136 223.973999 ) (-256 136 223.973999 ) 
4 191 202 (0 464 215.726089 ) (0 464 216.273895 ) (-16 464 216.131821 ) (-16 464 215.868164 ) 
4 191 201 (0 464 212.891037 ) (0 464 215.726089 ) (-16 464 215.868164 ) (-16 464 213.400360 ) 
4 191 194 (-16 464 80 ) (0 464 80 ) (0 464 212.891037 ) (-16 464 213.400360 ) 
3 192 201 (-56 464 214.673706 ) (-56 464 216.223373 ) (-123.514442 464 216.822906 ) 
4 192 200 (-178 464 80 ) (-64 464 80 ) (-64 464 214.928375 ) (-178 464 218.557343 ) 
4 192 194 (-64 464 80 ) (-56 464 80 ) (-56 464 214.673706 ) (-64 464 214.928375 ) 
4 192 193 (-178 464 80 ) (-178 464 223.973999 ) (-178 465 223.973999 ) (-178 465 80 ) 
3 193 203 (-214 464 220.172287 ) (-214 464 219.703339 ) (-201.149353 464 219.294266 ) 
4 193 200 (-214 464 80 ) (-178 464 80 ) (-178 464 218.557343 ) (-214 464 219.703339 ) 
4 194 201 (0 464 212.891220 ) (-64 464 214.928543 ) (-64 412 214.928482 ) (0 412 212.891159 ) 
4 194 200 (-64 412 214.928253 ) (-64 464 214.928329 ) (-64 464 80 ) (-64 412 80 ) 
3 194 198 (-32 412 192 ) (-49.692307 412 196.615372 ) (-55 412 186 ) 
4 194 197 (-9 412 186 ) (-22.807241 412 213.614487 ) (-40.904701 412 214.190582 ) (-49.692307 412 196.615372 ) 
3 194 196 (0 412 168 ) (0 412 212.888458 ) (-22.807241 412 213.614487 ) 
3 194 195 (-64 412 214.925781 ) (-64 412 168 ) (-40.904701 412 214.190582 ) 
4 195 201 (-64 412 214.928482 ) (-64 212 214.928223 ) (-40.903503 212 214.192993 ) (-40.903374 412 214.193237 ) 
4 195 200 (-64 212 214.927994 ) (-64 412 214.928253 ) (-64 412 168 ) (-64 212 168 ) 
4 195 198 (-49.692314 212 196.615372 ) (-55 212 186 ) (-54.997746 412 186 ) (-49.690578 412 196.614944 ) 
4 195 197 (-40.904297 212 214.191406 ) (-49.692314 212 196.615372 ) (-49.690578 412 196.614944 ) (-40.901543 412 214.193008 ) 
3 195 199 (-64 212 214.925781 ) (-64 212 168 ) (-40.904701 212 214.190582 ) 
4 196 201 (-22.808483 212 213.616974 ) (0 212 212.890900 ) (0 412 212.891159 ) (-22.808609 412 213.617233 ) 
4 196 197 (-9 212 186 ) (-22.808594 212 213.617188 ) (-22.808525 412 213.617050 ) (-9 412 186 ) 
3 196 199 (0 212 168 ) (0 212 212.888458 ) (-22.807241 212 213.614487 ) 
4 197 201 (-40.903503 212 214.192993 ) (-22.808483 212 213.616974 ) (-22.808609 412 213.617233 ) (-40.903374 412 214.193237 ) 
4 197 198 (-49.692070 212 196.614883 ) (-49.692066 412 196.614883 ) (-32 412 192 ) (-32 212 192 ) 
4 197 199 (-9 212 186 ) (-22.807241 212 213.614487 ) (-40.904701 212 214.190582 ) (-49.692307 212 196.615372 ) 
3 198 199 (-32 212 192 ) (-49.692307 212 196.615372 ) (-55 212 186 ) 
4 199 205 (-14 160 80 ) (0 160 80 ) (0 160 212.890640 ) (-14 160 213.336304 ) 
4 199 206 (-64 160 80 ) (-54 160 80 ) (-54 160 214.609634 ) (-64 160 214.927963 ) 
4 199 201 (-64 212 214.928223 ) (-64 160 214.928162 ) (0 160 212.890839 ) (0 212 212.890900 ) 
4 199 200 (-64 160 80 ) (-64 160 214.927933 ) (-64 212 214.927994 ) (-64 212 80 ) 
4 200 206 (-176 160 80 ) (-64 160 80 ) (-64 160 214.927963 ) (-176 160 218.493286 ) 
4 200 203 (-201.154617 464 219.294632 ) (-214 464 219.703537 ) (-214 160 219.703140 ) (-201.088898 160 219.292145 ) 
4 200 201 (-64 464 214.928543 ) (-123.506454 464 216.822830 ) (-123.523331 160 216.822983 ) (-64 160 214.928162 ) 
4 201 205 (0 160 212.890640 ) (0 160 215.726089 ) (-14 160 215.850403 ) (-14 160 213.336304 ) 
3 201 206 (-54 160 216.205612 ) (-123.532181 160 216.823074 ) (-54 160 214.609634 ) 
4 201 202 (0 464 215.726044 ) (-30.847828 464 216 ) (-30.847862 160 216 ) (0 160 215.726044 ) 
4 202 205 (0 160 215.726089 ) (0 160 216.273895 ) (-14 160 216.149582 ) (-14 160 215.850418 ) 
4 204 223 (-1024 488 80 ) (-1024 160 80 ) (-1024 160 223.973999 ) (-1024 488 223.973999 ) 
4 204 217 (-1024 160 80 ) (-1024 488 80 ) (-256 488 80 ) (-256 160 80 ) 
4 204 208 (-1024 160 80 ) (-256 160 80 ) (-256 160 223.973999 ) (-1024 160 223.973999 ) 
4 205 209 (-14 136 80 ) (0 136 80 ) (0 136 223.973999 ) (-14 136 223.973999 ) 
4 206 209 (-176 136 80 ) (-54 136 80 ) (-54 136 223.973999 ) (-176 136 223.973999 ) 
4 207 216 (-218 137 80 ) (-218 136 80 ) (-256 136 80 ) (-256 137 80 ) 
4 207 209 (-256 136 80 ) (-218 136 80 ) (-218 136 223.973999 ) (-256 136 223.973999 ) 
4 207 208 (-256 137 80 ) (-256 136 80 ) (-256 136 223.973999 ) (-256 137 223.973999 ) 
4 208 223 (-1024 160 80 ) (-1024 136 80 ) (-1024 136 223.973999 ) (-1024 160 223.973999 ) 
4 208 217 (-1024 136 80 ) (-1024 160 80 ) (-256 160 80 ) (-256 136 80 ) 
4 208 209 (-1024 136 80 ) (-256 136 80 ) (-256 136 223.973999 ) (-1024 136 223.973999 ) 
4 209 223 (-1024 136 80 ) (-1024 0 80 ) (-1024 0 223.973999 ) (-1024 136 223.973999 ) 
4 209 220 (0 0 80 ) (0 0 223.973999 ) (-1024 0 223.973999 ) (-1024 0 80 ) 
4 209 218 (-1024 0 80 ) (-1024 136 80 ) (-56 136 80 ) (-56 0 80 ) 
4 209 213 (-56 136 80 ) (0 136 80 ) (0 0 80 ) (-56 0 80 ) 
4 210 211 (-288 816 80 ) (-288 816 64 ) (-32 816 64 ) (-32 816 80 ) 
4 212 223 (-1024 1024 80 ) (-1024 1024 64 ) (-1024 488 64 ) (-1024 488 80 ) 
4 212 219 (-1024 488 64 ) (-1024 1024 64 ) (-576 1024 64 ) (-576 488 64 ) 
4 212 217 (-1024 488 64 ) (-576 488 64 ) (-576 488 80 ) (-1024 488 80 ) 
4 213 220 (0 0 64 ) (0 0 80 ) (-56 0 80 ) (-56 0 64 ) 
4 213 218 (-56 136 64 ) (-56 0 64 ) (-56 0 80 ) (-56 136 80 ) 
4 214 215 (-256 448 78.973801 ) (-256 448 64 ) (-218 448 64 ) (-218 448 78.973801 ) 
4 214 217 (-256 488 78.973801 ) (-256 488 64 ) (-256 448 64 ) (-256 448 78.973801 ) 
4 215 216 (-256 137 78.973801 ) (-256 137 64 ) (-218 137 64 ) (-218 137 78.973801 ) 
4 215 217 (-256 448 64 ) (-256 137 64 ) (-256 137 78.973801 ) (-256 448 78.973801 ) 
4 216 217 (-256 137 64 ) (-256 136 64 ) (-256 136 80 ) (-256 137 80 ) 
4 216 218 (-256 136 64 ) (-218 136 64 ) (-218 136 80 ) (-256 136 80 ) 
4 217 223 (-1024 488 64 ) (-1024 136 64 ) (-1024 136 80 ) (-1024 488 80 ) 
4 217 219 (-1024 136 64 ) (-1024 488 64 ) (-576 488 64 ) (-576 136 64 ) 
4 217 218 (-1024 136 64 ) (-256 136 64 ) (-256 136 80 ) (-1024 136 80 ) 
4 218 223 (-1024 136 64 ) (-1024 0 64 ) (-1024 0 80 ) (-1024 136 80 ) 
4 218 220 (-56 0 80 ) (-1024 0 80 ) (-1024 0 64 ) (-56 0 64 ) 
4 218 219 (-576 0 64 ) (-1024 0 64 ) (-1024 136 64 ) (-576 136 64 ) 
4 219 223 (-1024 1024 64 ) (-1024 1024 30 ) (-1024 0 30 ) (-1024 0 64 ) 
4 219 222 (-576 0 64 ) (-1024 0 64 ) (-1024 0 30 ) (-576 0 30 ) 
4 220 225 (0 -1024 64 ) (0 -1024 562 ) (-1024 -1024 562 ) (-1024 -1024 64 ) 
4 220 224 (-1024 -1024 64 ) (-1024 -1024 562 ) (-1024 0 562 ) (-1024 0 64 ) 
4 220 221 (0 -1024 64 ) (-576 -1024 64 ) (-576 -896 64 ) (0 -896 64 ) 
4 220 222 (-576 -1024 64 ) (-1024 -1024 64 ) (-1024 0 64 ) (-576 0 64 ) 
4 221 225 (0 -1024 30 ) (0 -1024 64 ) (-576 -1024 64 ) (-576 -1024 30 ) 
4 221 222 (-576 -896 30 ) (-576 -1024 30 ) (-576 -1024 64 ) (-576 -896 64 ) 
4 222 225 (-576 -1024 64 ) (-1024 -1024 64 ) (-1024 -1024 30 ) (-576 -1024 30 ) 
4 222 224 (-1024 -1024 30 ) (-1024 -1024 64 ) (-1024 0 64 ) (-1024 0 30 ) 
4 223 224 (-1024 0 30 ) (-1024 0 562 ) (-1265 0 562 ) (-1265 0 30 ) 
4 224 226 (-1024 -1024 30 ) (-1024 -1024 562 ) (-1265 -1024 562 ) (-1265 -1024 30 ) 
4 225 226 (-1024 -1024 562 ) (-1024 -1024 30 ) (-1024 -1210 30 ) (-1024 -1210 562 ) 
